#
# There is insufficient memory for the Java Runtime Environment to continue.
# Native memory allocation (mmap) failed to map 117440512 bytes for Failed to commit area from 0x0000000091000000 to 0x0000000098000000 of length 117440512.
# Possible reasons:
#   The system is out of physical RAM or swap space
#   The process is running with CompressedOops enabled, and the Java Heap may be blocking the growth of the native heap
# Possible solutions:
#   Reduce memory load on the system
#   Increase physical memory or swap space
#   Check if swap backing store is full
#   Decrease Java heap size (-Xmx/-Xms)
#   Decrease number of Java threads
#   Decrease Java thread stack sizes (-Xss)
#   Set larger code cache with -XX:ReservedCodeCacheSize=
# This output file may be truncated or incomplete.
#
#  Out of Memory Error (./src/hotspot/os/windows/os_windows.cpp:3301), pid=11632, tid=21548
#
# JRE version:  (11.0.10) (build )
# Java VM: OpenJDK 64-Bit Server VM (11.0.10+0-b96-7249189, mixed mode, sharing, tiered, compressed oops, g1 gc, windows-amd64)
# No core dump will be written. Minidumps are not enabled by default on client versions of Windows
#

---------------  S U M M A R Y ------------

Command Line: 

Host: AMD Ryzen 5 3500U with Radeon Vega Mobile Gfx  , 8 cores, 6G,  Windows 10 , 64 bit Build 19041 (10.0.19041.1348)
Time: Wed Dec 29 00:48:22 2021 India Standard Time elapsed time: 0.019518 seconds (0d 0h 0m 0s)

---------------  T H R E A D  ---------------

Current thread (0x000001f45376b000):  JavaThread "Unknown thread" [_thread_in_vm, id=21548, stack(0x000000f28ef00000,0x000000f28f000000)]

Stack: [0x000000f28ef00000,0x000000f28f000000]
Native frames: (J=compiled Java code, j=interpreted, Vv=VM code, C=native code)
V  [jvm.dll+0x5ecfaa]
V  [jvm.dll+0x722bd5]
V  [jvm.dll+0x72412d]
V  [jvm.dll+0x7247e3]
V  [jvm.dll+0x242928]
V  [jvm.dll+0x5ea374]
V  [jvm.dll+0x5df425]
V  [jvm.dll+0x2fdebb]
V  [jvm.dll+0x2fde2a]
V  [jvm.dll+0x2fdd02]
V  [jvm.dll+0x302bf6]
V  [jvm.dll+0x34b2a3]
V  [jvm.dll+0x34b9a6]
V  [jvm.dll+0x34b3a3]
V  [jvm.dll+0x2d8888]
V  [jvm.dll+0x2d9a37]
V  [jvm.dll+0x701737]
V  [jvm.dll+0x702f2c]
V  [jvm.dll+0x3587d9]
V  [jvm.dll+0x6e4fae]
V  [jvm.dll+0x3c0be3]
V  [jvm.dll+0x3c2e91]
C  [jli.dll+0x5373]
C  [ucrtbase.dll+0x21bb2]
C  [KERNEL32.DLL+0x17034]
C  [ntdll.dll+0x52651]


---------------  P R O C E S S  ---------------

Threads class SMR info:
_java_thread_list=0x000001f4535e3a40, length=0, elements={
}

Java Threads: ( => current thread )

Other Threads:
  0x000001f453783800 GCTaskThread "GC Thread#0" [stack: 0x000000f28f000000,0x000000f28f100000] [id=5592]
  0x000001f4537b0800 ConcurrentGCThread "G1 Main Marker" [stack: 0x000000f28f100000,0x000000f28f200000] [id=13460]
  0x000001f4537b2000 ConcurrentGCThread "G1 Conc#0" [stack: 0x000000f28f200000,0x000000f28f300000] [id=26356]

[error occurred during error reporting (printing all threads), id 0xc0000005, EXCEPTION_ACCESS_VIOLATION (0xc0000005) at pc=0x00007ffcc1219107]

VM state:not at safepoint (not fully initialized)

VM Mutex/Monitor currently owned by a thread:  ([mutex/lock_event])
[0x000001f4537670d0] Heap_lock - owner thread: 0x000001f45376b000

Heap address: 0x0000000091000000, size: 1776 MB, Compressed Oops mode: Non-zero based: 0x0000000091000000
Narrow klass base: 0x0000000000000000, Narrow klass shift: 0

GC Heap History (0 events):
No events

Deoptimization events (0 events):
No events

Classes redefined (0 events):
No events

Internal exceptions (0 events):
No events

Events (1 events):
Event: 0.012 Loaded shared library C:\Program Files\Android\Android Studio\jre\bin\zip.dll


Dynamic libraries:
0x00007ff6157a0000 - 0x00007ff6157aa000 	C:\Program Files\Android\Android Studio\jre\bin\java.EXE
0x00007ffd360d0000 - 0x00007ffd362c5000 	C:\Windows\SYSTEM32\ntdll.dll
0x00007ffd35080000 - 0x00007ffd3513e000 	C:\Windows\System32\KERNEL32.DLL
0x00007ffd33920000 - 0x00007ffd33be8000 	C:\Windows\System32\KERNELBASE.dll
0x00007ffd33ca0000 - 0x00007ffd33da0000 	C:\Windows\System32\ucrtbase.dll
0x00007ffd29ea0000 - 0x00007ffd29eb9000 	C:\Program Files\Android\Android Studio\jre\bin\jli.dll
0x00007ffd1b7c0000 - 0x00007ffd1b7d7000 	C:\Program Files\Android\Android Studio\jre\bin\VCRUNTIME140.dll
0x00007ffd35dd0000 - 0x00007ffd35f71000 	C:\Windows\System32\USER32.dll
0x00007ffd340e0000 - 0x00007ffd34102000 	C:\Windows\System32\win32u.dll
0x00007ffd36050000 - 0x00007ffd3607b000 	C:\Windows\System32\GDI32.dll
0x00007ffd337e0000 - 0x00007ffd338ed000 	C:\Windows\System32\gdi32full.dll
0x00007ffd208c0000 - 0x00007ffd20b5a000 	C:\Windows\WinSxS\amd64_microsoft.windows.common-controls_6595b64144ccf1df_6.0.19041.1110_none_60b5254171f9507e\COMCTL32.dll
0x00007ffd33f50000 - 0x00007ffd33fed000 	C:\Windows\System32\msvcp_win.dll
0x00007ffd35b80000 - 0x00007ffd35c1e000 	C:\Windows\System32\msvcrt.dll
0x00007ffd35cf0000 - 0x00007ffd35d20000 	C:\Windows\System32\IMM32.DLL
0x00007ffcf50a0000 - 0x00007ffcf513d000 	C:\Program Files\Android\Android Studio\jre\bin\msvcp140.dll
0x00007ffcc0f30000 - 0x00007ffcc19ff000 	C:\Program Files\Android\Android Studio\jre\bin\server\jvm.dll
0x00007ffd354a0000 - 0x00007ffd3554c000 	C:\Windows\System32\ADVAPI32.dll
0x00007ffd355e0000 - 0x00007ffd3567b000 	C:\Windows\System32\sechost.dll
0x00007ffd356e0000 - 0x00007ffd3580a000 	C:\Windows\System32\RPCRT4.dll
0x00007ffd35a60000 - 0x00007ffd35a68000 	C:\Windows\System32\PSAPI.DLL
0x00007ffd23720000 - 0x00007ffd23729000 	C:\Windows\SYSTEM32\WSOCK32.dll
0x00007ffd35f80000 - 0x00007ffd35feb000 	C:\Windows\System32\WS2_32.dll
0x00007ffd30b50000 - 0x00007ffd30b77000 	C:\Windows\SYSTEM32\WINMM.dll
0x00007ffd28210000 - 0x00007ffd2821a000 	C:\Windows\SYSTEM32\VERSION.dll
0x00007ffd320b0000 - 0x00007ffd320c2000 	C:\Windows\SYSTEM32\kernel.appcore.dll
0x00007ffd1b700000 - 0x00007ffd1b711000 	C:\Program Files\Android\Android Studio\jre\bin\verify.dll
0x00007ffd31b10000 - 0x00007ffd31cf4000 	C:\Windows\SYSTEM32\DBGHELP.DLL
0x00007ffd2a470000 - 0x00007ffd2a49c000 	C:\Windows\SYSTEM32\dbgcore.DLL
0x00007ffd34050000 - 0x00007ffd340d2000 	C:\Windows\System32\bcryptPrimitives.dll
0x00007ffd1b5f0000 - 0x00007ffd1b619000 	C:\Program Files\Android\Android Studio\jre\bin\java.dll
0x00007ffd2c120000 - 0x00007ffd2c12b000 	C:\Program Files\Android\Android Studio\jre\bin\jimage.dll
0x00007ffd1b640000 - 0x00007ffd1b658000 	C:\Program Files\Android\Android Studio\jre\bin\zip.dll

dbghelp: loaded successfully - version: 4.0.5 - missing functions: none
symbol engine: initialized successfully - sym options: 0x614 - pdb path: .;C:\Program Files\Android\Android Studio\jre\bin;C:\Windows\SYSTEM32;C:\Windows\WinSxS\amd64_microsoft.windows.common-controls_6595b64144ccf1df_6.0.19041.1110_none_60b5254171f9507e;C:\Program Files\Android\Android Studio\jre\bin\server

VM Arguments:
java_command: <unknown>
java_class_path (initial): <not set>
Launcher Type: SUN_STANDARD

[Global flags]
     intx CICompilerCount                          = 4                                         {product} {ergonomic}
     uint ConcGCThreads                            = 2                                         {product} {ergonomic}
     uint G1ConcRefinementThreads                  = 8                                         {product} {ergonomic}
   size_t G1HeapRegionSize                         = 1048576                                   {product} {ergonomic}
    uintx GCDrainStackTargetSize                   = 64                                        {product} {ergonomic}
   size_t InitialHeapSize                          = 117440512                                 {product} {ergonomic}
   size_t MarkStackSize                            = 4194304                                   {product} {ergonomic}
   size_t MaxHeapSize                              = 1862270976                                {product} {ergonomic}
   size_t MinHeapDeltaBytes                        = 1048576                                   {product} {ergonomic}
    uintx NonNMethodCodeHeapSize                   = 5836300                                {pd product} {ergonomic}
    uintx NonProfiledCodeHeapSize                  = 122910970                              {pd product} {ergonomic}
    uintx ProfiledCodeHeapSize                     = 122910970                              {pd product} {ergonomic}
    uintx ReservedCodeCacheSize                    = 251658240                              {pd product} {ergonomic}
     bool SegmentedCodeCache                       = true                                      {product} {ergonomic}
     bool UseCompressedClassPointers               = true                                 {lp64_product} {ergonomic}
     bool UseCompressedOops                        = true                                 {lp64_product} {ergonomic}
     bool UseG1GC                                  = true                                      {product} {ergonomic}
     bool UseLargePagesIndividualAllocation        = false                                  {pd product} {ergonomic}

Logging:
Log output configuration:
 #0: stdout all=warning uptime,level,tags
 #1: stderr all=off uptime,level,tags

Environment Variables:
PATH=C:\Windows\system32;C:\Windows;C:\Windows\System32\Wbem;C:\Windows\System32\WindowsPowerShell\v1.0\;C:\Windows\System32\OpenSSH\;C:\Program Files\TortoiseSVN\bin;C:\Program Files\Java\jdk1.8.0_301\bin;C:\Program Files\Git\cmd;C:\ProgramData\chocolatey\bin;C:\src\flutter\2.5.3\bin;C:\Program Files\Java\jre1.8.0_301\bin;C:\Users\Letmegrab\AppData\Local\Programs\Python\Python310\Scripts;C:\Users\Letmegrab\AppData\Local\Programs\Python\Python310;C:\Users\Letmegrab\AppData\Local\Microsoft\WindowsApps;C:\Users\Letmegrab\AppData\Local\Programs\Microsoft VS Code\bin;C:\Users\Letmegrab\AppData\Local\GitHubDesktop\bin;C:\tools\dart-sdk\bin;C:\Users\Letmegrab\AppData\Roaming\Pub\Cache\bin;C:\adb;
USERNAME=Letmegrab
OS=Windows_NT
PROCESSOR_IDENTIFIER=AMD64 Family 23 Model 24 Stepping 1, AuthenticAMD



---------------  S Y S T E M  ---------------

OS: Windows 10 , 64 bit Build 19041 (10.0.19041.1348)
OS uptime: 10 days 10:52 hours

CPU:total 8 (initial active 8) (8 cores per cpu, 2 threads per core) family 23 model 24 stepping 1 microcode 0x0, cmov, cx8, fxsr, mmx, sse, sse2, sse3, ssse3, sse4.1, sse4.2, popcnt, avx, avx2, aes, clmul, mmxext, 3dnowpref, lzcnt, sse4a, ht, tsc, tscinvbit, tscinv, bmi1, bmi2, adx, s

Memory: 4k page, system-wide physical 7103M (625M free)
TotalPageFile size 20318M (AvailPageFile size 105M)
current process WorkingSet (physical memory assigned to process): 9M, peak: 9M
current process commit charge ("private bytes"): 59M, peak: 171M

vm_info: OpenJDK 64-Bit Server VM (11.0.10+0-b96-7249189) for windows-amd64 JRE (11.0.10+0-b96-7249189), built on Mar 31 2021 21:44:00 by "builder" with MS VC++ 14.0 (VS2015)

END.
